<?xml version="1.0" encoding="UTF-8"?>
<!-- Generated by org.testng.reporters.JUnitXMLReporter -->
<testsuite hostname="DESKTOP-QPU8RFA" ignored="0" name="Test" tests="1" failures="1" timestamp="2022-06-06T18:13:58 IST" time="0.161" errors="0">
  <testcase name="login_Test" time="0.041" classname="base.Login">
    <failure type="java.lang.NullPointerException">
      <![CDATA[java.lang.NullPointerException
at base.Login.login_Test(Login.java:20)
at java.util.ArrayList.forEach(ArrayList.java:1257)
... Removed 27 stack frames]]>
    </failure>
  </testcase> <!-- login_Test -->
</testsuite> <!-- Test -->
