<?xml version="1.0" encoding="UTF-8"?>
<!-- Generated by org.testng.reporters.JUnitXMLReporter -->
<testsuite hostname="DESKTOP-QPU8RFA" ignored="0" name="WPM_LIGHTPOLES_SANITYTESTING" tests="5" failures="0" timestamp="2022-07-11T11:15:51 IST" time="251.33" errors="0">
  <testcase name="ReportDownload" time="32.177" classname="lightpole.testcases.DownloadReport"/>
  <testcase name="About_Link" time="4.765" classname="lightpole.testcases.DownloadReport"/>
  <testcase name="DownloadReport_Priority" time="48.597" classname="lightpole.testcases.DownloadReport"/>
  <testcase name="Representative_Condition" time="85.775" classname="lightpole.testcases.DownloadReport"/>
  <testcase name="DownloadReport_Allschool" time="69.418" classname="lightpole.testcases.DownloadReport"/>
</testsuite> <!-- WPM_LIGHTPOLES_SANITYTESTING -->
